Using pre-set license
Built from '2021.1/staging' branch; Version is '2021.1.7f1 (d91830b65d9b) revision 14227504'; Using compiler version '192528614'; Build Type 'Release'
OS: 'Windows 10 Home; OS build 19043.1052; Version 2009; 64bit' Language: 'en' Physical Memory: 16299 MB
BatchMode: 1, IsHumanControllingUs: 0, StartBugReporterOnCrash: 0, Is64bit: 1, IsPro: 0

 COMMAND LINE ARGUMENTS:
C:\Program Files\Unity\Hub\Editor\2021.1.7f1\Editor\Unity.exe
-adb2
-batchMode
-noUpm
-name
AssetImportWorker0
-projectPath
C:/Users/milan/Documents/GitHub/LATEST-Disdain/Project Files/OLD Servers/Rev 2
-logFile
Logs/AssetImportWorker0.log
-srvPort
60382
Successfully changed project path to: C:/Users/milan/Documents/GitHub/LATEST-Disdain/Project Files/OLD Servers/Rev 2
C:/Users/milan/Documents/GitHub/LATEST-Disdain/Project Files/OLD Servers/Rev 2
Using Asset Import Pipeline V2.
Refreshing native plugins compatible for Editor in 82.57 ms, found 0 plugins.
Preloading 0 native plugins for Editor in 0.00 ms.
Initialize engine version: 2021.1.7f1 (d91830b65d9b)
[Subsystems] Discovering subsystems at path C:/Program Files/Unity/Hub/Editor/2021.1.7f1/Editor/Data/Resources/UnitySubsystems
[Subsystems] Discovering subsystems at path C:/Users/milan/Documents/GitHub/LATEST-Disdain/Project Files/OLD Servers/Rev 2/Assets
GfxDevice: creating device client; threaded=0; jobified=0
Direct3D:
    Version:  Direct3D 11.0 [level 11.1]
    Renderer: Intel(R) HD Graphics 5500 (ID=0x1616)
    Vendor:   Intel
    VRAM:     8149 MB
    Driver:   20.19.15.4703
Initialize mono
Mono path[0] = 'C:/Program Files/Unity/Hub/Editor/2021.1.7f1/Editor/Data/Managed'
Mono path[1] = 'C:/Program Files/Unity/Hub/Editor/2021.1.7f1/Editor/Data/MonoBleedingEdge/lib/mono/unityjit'
Mono config path = 'C:/Program Files/Unity/Hub/Editor/2021.1.7f1/Editor/Data/MonoBleedingEdge/etc'
Using monoOptions --debugger-agent=transport=dt_socket,embedding=1,server=y,suspend=n,address=127.0.0.1:56948
Begin MonoManager ReloadAssembly
Registering precompiled unity dll's ...
Register platform support module: C:/Program Files/Unity/Hub/Editor/2021.1.7f1/Editor/Data/PlaybackEngines/WindowsStandaloneSupport/UnityEditor.WindowsStandalone.Extensions.dll
Registered in 0.003999 seconds.
Native extension for WindowsStandalone target not found
Refreshing native plugins compatible for Editor in 97.99 ms, found 0 plugins.
Preloading 0 native plugins for Editor in 0.00 ms.
Mono: successfully reloaded assembly
- Completed reload, in  6.231 seconds
Platform modules already initialized, skipping
Registering precompiled user dll's ...
Registered in 0.001284 seconds.
Begin MonoManager ReloadAssembly
Native extension for WindowsStandalone target not found
Refreshing native plugins compatible for Editor in 0.41 ms, found 0 plugins.
Preloading 0 native plugins for Editor in 0.00 ms.
Mono: successfully reloaded assembly
- Completed reload, in 10.936 seconds
Platform modules already initialized, skipping
========================================================================
Worker process is ready to serve import requests
Launched and connected shader compiler UnityShaderCompiler.exe after 0.10 seconds
Refreshing native plugins compatible for Editor in 0.68 ms, found 0 plugins.
Preloading 0 native plugins for Editor in 0.00 ms.
Unloading 1160 Unused Serialized files (Serialized files now loaded: 0)
System memory in use before: 60.8 MB.
System memory in use after: 60.9 MB.

Unloading 9 unused Assets to reduce memory usage. Loaded Objects now: 1618.
Total: 9.062900 ms (FindLiveObjects: 0.313500 ms CreateObjectMapping: 0.163000 ms MarkObjects: 8.451400 ms  DeleteObjects: 0.131300 ms)

========================================================================
Received Import Request.
  path: Assets/Resources/Scripts/Server Scripts/Server.cs
  artifactKey: Guid(d9d711ef421eaff419a2ae7fa4a48de6) Importer(815301076,1909f56bfc062723c751e8b465ee728b)
Start importing Assets/Resources/Scripts/Server Scripts/Server.cs using Guid(d9d711ef421eaff419a2ae7fa4a48de6) Importer(815301076,1909f56bfc062723c751e8b465ee728b)  -> (artifact id: 'c5cbdb53b112f66a97ec1411a749a51c') in 0.124776 seconds 
========================================================================
Received Import Request.
  Time since last request: 157.920358 seconds.
  path: Assets/Resources/Scripts/Server Scripts/Client.cs
  artifactKey: Guid(920200e2ed3c30c4f9e5380fbe2dd530) Importer(815301076,1909f56bfc062723c751e8b465ee728b)
Start importing Assets/Resources/Scripts/Server Scripts/Client.cs using Guid(920200e2ed3c30c4f9e5380fbe2dd530) Importer(815301076,1909f56bfc062723c751e8b465ee728b)  -> (artifact id: '0c5bb30d4276c41a982eb9865fdf8089') in 0.055381 seconds 
AssetImportWorkerClient::OnTransportError - code=2 error=End of file
