
=== Tue Feb 23 18:53:23 2021

Packages were changed.
Update Mode: updateDependencies

The following packages were updated:
  com.unity.ide.rider from version 1.2.1 to 2.0.7
  com.unity.ide.visualstudio from version 2.0.2 to 2.0.5
  com.unity.ide.vscode from version 1.2.1 to 1.2.3
  com.unity.test-framework from version 1.1.16 to 1.1.20

=== Fri May 28 17:12:13 2021

Packages were changed.
Update Mode: updateDependencies

The following packages were updated:
  com.unity.ide.rider from version 2.0.7 to 3.0.6
  com.unity.ide.visualstudio from version 2.0.5 to 2.0.7
  com.unity.test-framework from version 1.1.20 to 1.1.24
  com.unity.textmeshpro from version 3.0.1 to 3.0.4
  com.unity.timeline from version 1.3.5 to 1.5.4

=== Sat Jul 17 16:37:29 2021

Packages were changed.
Update Mode: updateDependencies

The following packages were updated:
  com.unity.collab-proxy from version 1.3.9 to 1.5.7
  com.unity.ide.rider from version 3.0.6 to 3.0.7
  com.unity.ide.visualstudio from version 2.0.7 to 2.0.9
  com.unity.test-framework from version 1.1.24 to 1.1.27
  com.unity.textmeshpro from version 3.0.4 to 3.0.6
  com.unity.timeline from version 1.5.4 to 1.5.5
